{"level":"error","message":"Data is not defined","service":"user-service"}
{"level":"error","message":"Data is not defined","service":"user-service"}
{"level":"error","message":"unsupported charset \"UTF-8\"","service":"user-service"}
{"level":"error","message":"unsupported charset \"UTF-8\"","service":"user-service"}
{"level":"error","message":"unsupported charset \"UTF-8\"","service":"user-service"}
{"level":"error","message":"unsupported charset \"UTF-8\"","service":"user-service"}
{"level":"error","message":"unsupported charset \"UTF-8\"","service":"user-service"}
{"level":"error","message":"unsupported charset \"UTF-8\"","service":"user-service"}
{"level":"error","message":"unsupported charset \"UTF-8\"","service":"user-service"}
{"level":"error","message":"unsupported charset \"UTF-8\"","service":"user-service"}
{"level":"error","message":"unsupported charset \"UTF-8\"","service":"user-service"}
{"level":"error","message":"unsupported charset \"UTF-8\"","service":"user-service"}
{"level":"error","message":"Right-hand side of 'instanceof' is not callable","service":"user-service"}
{"level":"error","message":"Author validation failed: family_name: Path `family_name` is required., first_name: Path `first_name` is required.","service":"user-service"}
{"level":"error","message":"unsupported charset \"UTF-8\"","service":"user-service"}
{"level":"error","message":"Author validation failed: family_name: Path `family_name` is required., first_name: Path `first_name` is required.","service":"user-service"}
{"level":"error","message":"Author validation failed: family_name: Path `family_name` is required., first_name: Path `first_name` is required.","service":"user-service"}
{"level":"error","message":"unsupported charset \"UTF-8\"","service":"user-service"}
{"level":"error","message":"Author validation failed: age: Path `age` (-1) is less than minimum allowed value (16).","service":"user-service"}
{"level":"error","message":"Author validation failed: family_name: Path `family_name` is required., first_name: Path `first_name` is required.","service":"user-service"}
{"level":"error","message":"Author validation failed: family_name: Path `family_name` is required., first_name: Path `first_name` is required.","service":"user-service"}
{"level":"error","message":"Author validation failed: family_name: Path `family_name` is required., first_name: Path `first_name` is required.","service":"user-service"}
{"level":"error","message":"Author validation failed: family_name: Path `family_name` is required., first_name: Path `first_name` is required.","service":"user-service"}
{"level":"error","message":"Author validation failed: family_name: Path `family_name` is required., first_name: Path `first_name` is required.","service":"user-service"}
{"level":"error","message":"Author validation failed: family_name: Path `family_name` is required., first_name: Path `first_name` is required.","service":"user-service"}
{"level":"error","message":"Author validation failed: family_name: Path `family_name` is required., first_name: Path `first_name` is required.","service":"user-service"}
{"level":"error","message":"Author validation failed: family_name: Path `family_name` is required., first_name: Path `first_name` is required.","service":"user-service"}
{"level":"error","message":"Author validation failed: family_name: Path `family_name` is required., first_name: Path `first_name` is required.","service":"user-service"}
{"level":"error","message":"Author validation failed: family_name: Path `family_name` is required., first_name: Path `first_name` is required.","service":"user-service"}
{"level":"error","message":"unsupported charset \"UTF-8\"","service":"user-service"}
{"level":"error","message":"Author validation failed: family_name: Path `family_name` is required., first_name: Path `first_name` is required.","service":"user-service"}
{"level":"error","message":"Author validation failed: family_name: Path `family_name` is required., first_name: Path `first_name` is required.","service":"user-service"}
{"level":"error","message":"Author validation failed: family_name: Path `family_name` is required., first_name: Path `first_name` is required.","service":"user-service"}
{"level":"error","message":"Author validation failed: age: Path `age` (-1) is less than minimum allowed value (16).","service":"user-service"}
{"level":"error","message":"Author validation failed: age: Path `age` (-1) is less than minimum allowed value (16).","service":"user-service"}
{"level":"error","message":"Author validation failed: age: Path `age` (-1) is less than minimum allowed value (16).","service":"user-service"}
{"level":"error","message":"Author validation failed: age: Path `age` (-1) is less than minimum allowed value (16).","service":"user-service"}
{"level":"error","message":"Author validation failed: age: Path `age` (-1) is less than minimum allowed value (16).","service":"user-service"}
{"level":"error","message":"Author validation failed: age: Path `age` (-1) is less than minimum allowed value (16).","service":"user-service"}
{"level":"error","message":"Author validation failed: family_name: Path `family_name` is required., first_name: Path `first_name` is required.","service":"user-service"}
{"level":"error","message":"Author validation failed: family_name: Path `family_name` is required., first_name: Path `first_name` is required.","service":"user-service"}
{"level":"error","message":"Author validation failed: family_name: Path `family_name` is required., first_name: Path `first_name` is required.","service":"user-service"}
{"level":"error","message":"Author validation failed: family_name: Path `family_name` is required., first_name: Path `first_name` is required.","service":"user-service"}
{"level":"error","message":"Author validation failed: family_name: Path `family_name` is required., first_name: Path `first_name` is required.","service":"user-service"}
{"level":"error","message":"Author validation failed: family_name: Path `family_name` is required., first_name: Path `first_name` is required.","service":"user-service"}
{"level":"error","message":"Author validation failed: family_name: Path `family_name` is required., first_name: Path `first_name` is required.","service":"user-service"}
{"level":"error","message":"Author validation failed: family_name: Path `family_name` is required., first_name: Path `first_name` is required.","service":"user-service"}
{"level":"error","message":"Author validation failed: family_name: Path `family_name` is required., first_name: Path `first_name` is required.","service":"user-service"}
{"level":"error","message":"Author validation failed: family_name: Path `family_name` is required., first_name: Path `first_name` is required.","service":"user-service"}
{"level":"error","message":"Author validation failed: family_name: Path `family_name` is required., first_name: Path `first_name` is required.","service":"user-service"}
{"level":"error","message":"Author validation failed: family_name: Path `family_name` is required., first_name: Path `first_name` is required.","service":"user-service"}
{"level":"error","message":"Author validation failed: family_name: Path `family_name` is required., first_name: Path `first_name` is required.","service":"user-service"}
{"level":"error","message":"Author validation failed: family_name: Path `family_name` is required., first_name: Path `first_name` is required.","service":"user-service"}
{"level":"error","message":"Author validation failed: family_name: Path `family_name` is required., first_name: Path `first_name` is required.","service":"user-service"}
{"level":"error","message":"Author validation failed: family_name: Path `family_name` is required., first_name: Path `first_name` is required.","service":"user-service"}
{"level":"error","message":"Author validation failed: family_name: Path `family_name` is required., first_name: Path `first_name` is required.","service":"user-service"}
{"level":"error","message":"Author validation failed: family_name: Path `family_name` is required., first_name: Path `first_name` is required.","service":"user-service"}
{"level":"error","message":"Author validation failed: family_name: Path `family_name` is required., first_name: Path `first_name` is required.","service":"user-service"}
{"level":"error","message":"Author validation failed: family_name: Path `family_name` is required., first_name: Path `first_name` is required.","service":"user-service"}
{"level":"error","message":"Author validation failed: family_name: Path `family_name` is required., first_name: Path `first_name` is required.","service":"user-service"}
{"level":"error","message":"Author validation failed: family_name: Path `family_name` is required., first_name: Path `first_name` is required.","service":"user-service"}
{"level":"error","message":"Author validation failed: family_name: Path `family_name` is required., first_name: Path `first_name` is required.","service":"user-service"}
{"level":"error","message":"Author validation failed: family_name: Path `family_name` is required., first_name: Path `first_name` is required.","service":"user-service"}
{"level":"error","message":"Author validation failed: family_name: Path `family_name` is required., first_name: Path `first_name` is required.","service":"user-service"}
{"level":"error","message":"Author validation failed: family_name: Path `family_name` is required., first_name: Path `first_name` is required."}
{"level":"error","message":"Author validation failed: family_name: Path `family_name` is required., first_name: Path `first_name` is required.","service":"user-service"}
{"level":"error","message":"Author validation failed: family_name: Path `family_name` is required., first_name: Path `first_name` is required.","service":"user-service"}
{"level":"error","message":"Author validation failed: family_name: Path `family_name` is required., first_name: Path `first_name` is required.","service":"user-service"}
{"level":"error","message":"Author validation failed: family_name: Path `family_name` is required., first_name: Path `first_name` is required.","service":"user-service"}
{"level":"error","message":"Author validation failed: family_name: Path `family_name` is required., first_name: Path `first_name` is required.","service":"user-service"}
{"level":"error","message":"Author validation failed: family_name: Path `family_name` is required., first_name: Path `first_name` is required.","service":"user-service"}
{"level":"error","message":"Author validation failed: family_name: Path `family_name` is required., first_name: Path `first_name` is required.","service":"user-service"}
{"level":"error","message":"Author validation failed: family_name: Path `family_name` is required., first_name: Path `first_name` is required.","service":"user-service"}
{"level":"error","message":"Author validation failed: family_name: Path `family_name` is required., first_name: Path `first_name` is required.","service":"user-service"}
{"level":"error","message":"Author validation failed: family_name: Path `family_name` is required., first_name: Path `first_name` is required.","service":"user-service"}
{"level":"error","message":"Author validation failed: family_name: Path `family_name` is required., first_name: Path `first_name` is required.","service":"user-service"}
{"level":"error","message":"Author validation failed: family_name: Path `family_name` is required., first_name: Path `first_name` is required.","service":"user-service"}
{"level":"error","message":"Author validation failed: family_name: Path `family_name` is required., first_name: Path `first_name` is required.","service":"user-service"}
{"level":"error","message":"Author validation failed: family_name: Path `family_name` is required., first_name: Path `first_name` is required.","service":"user-service"}
{"level":"error","message":"Author validation failed: family_name: Path `family_name` is required., first_name: Path `first_name` is required.","service":"user-service"}
{"level":"error","message":"Author validation failed: family_name: Path `family_name` is required., first_name: Path `first_name` is required.","service":"user-service"}
{"level":"error","message":"Author validation failed: family_name: Path `family_name` is required., first_name: Path `first_name` is required.","service":"user-service"}
{"level":"error","message":"Author validation failed: family_name: Path `family_name` is required., first_name: Path `first_name` is required.","service":"user-service"}
{"level":"error","message":"Author validation failed: family_name: Path `family_name` is required., first_name: Path `first_name` is required.","service":"user-service"}
{"level":"error","message":"Cannot read properties of null (reading 'Decimal128')","service":"user-service"}
{"level":"error","message":"Author validation failed: family_name: Path `family_name` is required., first_name: Path `first_name` is required.","service":"user-service"}
{"level":"error","message":"Author validation failed: family_name: Path `family_name` is required., first_name: Path `first_name` is required.","service":"user-service"}
{"level":"error","message":"Author validation failed: family_name: Path `family_name` is required., first_name: Path `first_name` is required.","service":"user-service"}
{"level":"error","message":"Author validation failed: family_name: Path `family_name` is required., first_name: Path `first_name` is required.","service":"user-service"}
{"level":"error","message":"Author validation failed: family_name: Path `family_name` is required., first_name: Path `first_name` is required.","service":"user-service"}
{"level":"error","message":"Author validation failed: family_name: Path `family_name` is required., first_name: Path `first_name` is required.","service":"user-service"}
{"level":"error","message":"Author validation failed: family_name: Path `family_name` is required., first_name: Path `first_name` is required.","service":"user-service"}
{"level":"error","message":"Author validation failed: family_name: Path `family_name` is required., first_name: Path `first_name` is required.","service":"user-service"}
{"level":"error","message":"Author validation failed: family_name: Path `family_name` is required., first_name: Path `first_name` is required.","service":"user-service"}
{"level":"error","message":"Author validation failed: family_name: Path `family_name` is required., first_name: Path `first_name` is required.","service":"user-service"}
{"level":"error","message":"Author validation failed: family_name: Path `family_name` is required., first_name: Path `first_name` is required.","service":"user-service"}
{"level":"error","message":"Author validation failed: family_name: Path `family_name` is required., first_name: Path `first_name` is required.","service":"user-service"}
{"level":"error","message":"Author validation failed: family_name: Path `family_name` is required., first_name: Path `first_name` is required.","service":"user-service"}
{"level":"error","message":"Author validation failed: family_name: Path `family_name` is required., first_name: Path `first_name` is required.","service":"user-service"}
{"level":"error","message":"Author validation failed: family_name: Path `family_name` is required., first_name: Path `first_name` is required.","service":"user-service"}
{"level":"error","message":"Author validation failed: family_name: Path `family_name` is required., first_name: Path `first_name` is required.","service":"user-service"}
{"level":"error","message":"Author validation failed: family_name: Path `family_name` is required., first_name: Path `first_name` is required.","service":"user-service"}
{"level":"error","message":"Author validation failed: family_name: Path `family_name` is required., first_name: Path `first_name` is required.","service":"user-service"}
{"level":"error","message":"Author validation failed: family_name: Path `family_name` is required., first_name: Path `first_name` is required.","service":"user-service"}
{"level":"error","message":"Author validation failed: family_name: Path `family_name` is required., first_name: Path `first_name` is required.","service":"user-service"}
{"level":"error","message":"Author validation failed: family_name: Path `family_name` is required., first_name: Path `first_name` is required.","service":"user-service"}
{"level":"error","message":"Author validation failed: family_name: Path `family_name` is required., first_name: Path `first_name` is required.","service":"user-service"}
{"level":"error","message":"Author validation failed: family_name: Path `family_name` is required., first_name: Path `first_name` is required.","service":"user-service"}
{"level":"error","message":"Author validation failed: family_name: Path `family_name` is required., first_name: Path `first_name` is required.","service":"user-service"}
{"level":"error","message":"Author validation failed: family_name: Path `family_name` is required., first_name: Path `first_name` is required.","service":"user-service"}
{"level":"error","message":"Author validation failed: family_name: Path `family_name` is required., first_name: Path `first_name` is required.","service":"user-service"}
{"level":"error","message":"Author validation failed: family_name: Path `family_name` is required., first_name: Path `first_name` is required.","service":"user-service"}
{"level":"error","message":"Author validation failed: family_name: Path `family_name` is required., first_name: Path `first_name` is required.","service":"user-service"}
{"level":"error","message":"Author validation failed: family_name: Path `family_name` is required., first_name: Path `first_name` is required.","service":"user-service"}
{"level":"error","message":"Author validation failed: family_name: Path `family_name` is required., first_name: Path `first_name` is required.","service":"user-service"}
{"level":"error","message":"Author validation failed: family_name: Path `family_name` is required., first_name: Path `first_name` is required.","service":"user-service"}
{"level":"error","message":"Author validation failed: family_name: Path `family_name` is required., first_name: Path `first_name` is required.","service":"user-service"}
{"level":"error","message":"Author validation failed: family_name: Path `family_name` is required., first_name: Path `first_name` is required.","service":"user-service"}
{"level":"error","message":"Author validation failed: age: Path `age` (-1) is less than minimum allowed value (16).","service":"user-service"}
{"level":"error","message":"Author validation failed: age: Path `age` (-1) is less than minimum allowed value (16).","service":"user-service"}
